<?xml version="1.0" encoding="UTF-8"?>
<!-- Generated by org.testng.reporters.JUnitXMLReporter -->
<testsuite ignored="10" hostname="DESKTOP-QOG50G5" failures="0" tests="10" name="Test" time="378.911" errors="0" timestamp="2025-09-26T10:53:43 IST">
  <testcase classname="com.comcast.crm.troubleticketstest.CreateTroubleTicketsTest" name="createTroubleTickets" time="20.869"/>
  <testcase classname="com.comcast.crm.contacttest.CreateContactTest" name="createContact" time="22.006"/>
  <testcase classname="com.comcast.crm.contacttest.CreateContactTest" name="createContactWithDate" time="24.971"/>
  <testcase classname="com.comcast.crm.contacttest.CreateContactTest" name="createContactWithOrganization" time="48.24"/>
  <testcase classname="com.comcast.crm.leadstest.CreateLeadsTest" name="createLeads" time="25.103"/>
  <testcase classname="com.comcast.crm.opportunitytest.CreateOpportunityTest" name="createOpportunity" time="44.198"/>
  <testcase classname="com.comcast.crm.producttest.CreateProductTest" name="createProduct" time="22.354"/>
  <testcase classname="com.comcast.crm.organizationtest.CreateOrganizationTest" name="createOrganization" time="27.874"/>
  <testcase classname="com.comcast.crm.organizationtest.CreateOrganizationTest" name="createOrganizationWithIndustry" time="22.266"/>
  <testcase classname="com.comcast.crm.organizationtest.CreateOrganizationTest" name="createOrganizationWithPhoneNumber" time="22.804"/>
  <testcase classname="com.comcast.crm.baseclass.BaseClass" name="@AfterSuite closeDBConnection" time="0.0">
    <ignored/>
  </testcase> <!-- @AfterSuite closeDBConnection -->
  <testcase classname="com.comcast.crm.baseclass.BaseClass" name="@BeforeSuite connectToDB" time="0.0">
    <ignored/>
  </testcase> <!-- @BeforeSuite connectToDB -->
  <testcase classname="com.comcast.crm.baseclass.BaseClass" name="@AfterSuite closeDBConnection" time="0.0">
    <ignored/>
  </testcase> <!-- @AfterSuite closeDBConnection -->
  <testcase classname="com.comcast.crm.baseclass.BaseClass" name="@AfterSuite closeDBConnection" time="0.0">
    <ignored/>
  </testcase> <!-- @AfterSuite closeDBConnection -->
  <testcase classname="com.comcast.crm.baseclass.BaseClass" name="@BeforeSuite connectToDB" time="0.0">
    <ignored/>
  </testcase> <!-- @BeforeSuite connectToDB -->
  <testcase classname="com.comcast.crm.baseclass.BaseClass" name="@AfterSuite closeDBConnection" time="0.0">
    <ignored/>
  </testcase> <!-- @AfterSuite closeDBConnection -->
  <testcase classname="com.comcast.crm.baseclass.BaseClass" name="@BeforeSuite connectToDB" time="0.0">
    <ignored/>
  </testcase> <!-- @BeforeSuite connectToDB -->
  <testcase classname="com.comcast.crm.baseclass.BaseClass" name="@BeforeSuite connectToDB" time="0.0">
    <ignored/>
  </testcase> <!-- @BeforeSuite connectToDB -->
  <testcase classname="com.comcast.crm.baseclass.BaseClass" name="@AfterSuite closeDBConnection" time="0.0">
    <ignored/>
  </testcase> <!-- @AfterSuite closeDBConnection -->
  <testcase classname="com.comcast.crm.baseclass.BaseClass" name="@BeforeSuite connectToDB" time="0.0">
    <ignored/>
  </testcase> <!-- @BeforeSuite connectToDB -->
</testsuite> <!-- Test -->
