<?xml version="1.0" encoding="UTF-8"?>
<!-- Generated by org.testng.reporters.JUnitXMLReporter -->
<testsuite ignored="4" hostname="DESKTOP-QOG50G5" failures="0" tests="4" name="Test" time="135.804" errors="0" timestamp="2025-09-25T14:32:57 IST">
  <testcase classname="com.comcast.crm.contacttest.CreateContact" name="createContactWithDate" time="46.926"/>
  <testcase classname="com.comcast.crm.contacttest.CreateContact" name="createContactWithOrganization" time="20.614"/>
  <testcase classname="com.comcast.crm.organizationtest.CreateOrganization" name="createOrganizationWithIndustry" time="12.0"/>
  <testcase classname="com.comcast.crm.organizationtest.CreateOrganization" name="createOrganizationWithPhoneNumber" time="9.966"/>
  <testcase classname="com.comcast.crm.baseclass.BaseClass" name="@AfterSuite closeDBConnection" time="0.0">
    <ignored/>
  </testcase> <!-- @AfterSuite closeDBConnection -->
  <testcase classname="com.comcast.crm.contacttest.CreateContact" name="createContact" time="0.0">
    <ignored/>
  </testcase> <!-- createContact -->
  <testcase classname="com.comcast.crm.baseclass.BaseClass" name="@BeforeSuite connectToDB" time="0.0">
    <ignored/>
  </testcase> <!-- @BeforeSuite connectToDB -->
  <testcase classname="com.comcast.crm.organizationtest.CreateOrganization" name="createOrganization" time="0.0">
    <ignored/>
  </testcase> <!-- createOrganization -->
</testsuite> <!-- Test -->
