<?xml version="1.0" encoding="UTF-8"?>
<testng-results ignored="0" total="1" passed="1" failed="0" skipped="0">
  <reporter-output>
    <line>
      <![CDATA[====Connect To DB, Report Configuration====]]>
    </line>
    <line>
      <![CDATA[====Open Browser====]]>
    </line>
    <line>
      <![CDATA[====Login To Application====]]>
    </line>
    <line>
      <![CDATA[====Logout of Application====]]>
    </line>
    <line>
      <![CDATA[====Close Browser====]]>
    </line>
    <line>
      <![CDATA[====Close DB Connection, Report Backup====]]>
    </line>
  </reporter-output>
  <suite started-at="2025-09-25T16:36:34 IST" name="Default suite" finished-at="2025-09-25T16:37:24 IST" duration-ms="50667">
    <groups>
    </groups>
    <test started-at="2025-09-25T16:36:34 IST" name="Default test" finished-at="2025-09-25T16:37:24 IST" duration-ms="50667">
      <class name="com.comcast.crm.opportunitytest.CreateOpportunityTest">
        <test-method is-config="true" signature="connectToDB()[pri:0, instance:com.comcast.crm.opportunitytest.CreateOpportunityTest@5158b42f]" started-at="2025-09-25T16:36:33 IST" name="connectToDB" finished-at="2025-09-25T16:36:34 IST" duration-ms="248" status="PASS">
          <reporter-output>
            <line>
              <![CDATA[====Connect To DB, Report Configuration====]]>
            </line>
          </reporter-output>
        </test-method> <!-- connectToDB -->
        <test-method is-config="true" signature="openBrowser()[pri:0, instance:com.comcast.crm.opportunitytest.CreateOpportunityTest@5158b42f]" started-at="2025-09-25T16:36:34 IST" name="openBrowser" finished-at="2025-09-25T16:36:41 IST" duration-ms="7116" status="PASS">
          <reporter-output>
            <line>
              <![CDATA[====Open Browser====]]>
            </line>
          </reporter-output>
        </test-method> <!-- openBrowser -->
        <test-method is-config="true" signature="loginToApplication()[pri:0, instance:com.comcast.crm.opportunitytest.CreateOpportunityTest@5158b42f]" started-at="2025-09-25T16:36:41 IST" name="loginToApplication" finished-at="2025-09-25T16:36:48 IST" duration-ms="6988" status="PASS">
          <reporter-output>
            <line>
              <![CDATA[====Login To Application====]]>
            </line>
          </reporter-output>
        </test-method> <!-- loginToApplication -->
        <test-method signature="createOpportunity()[pri:0, instance:com.comcast.crm.opportunitytest.CreateOpportunityTest@5158b42f]" started-at="2025-09-25T16:36:48 IST" name="createOpportunity" finished-at="2025-09-25T16:37:21 IST" duration-ms="33436" status="PASS">
          <reporter-output>
          </reporter-output>
        </test-method> <!-- createOpportunity -->
        <test-method is-config="true" signature="logout()[pri:0, instance:com.comcast.crm.opportunitytest.CreateOpportunityTest@5158b42f]" started-at="2025-09-25T16:37:21 IST" name="logout" finished-at="2025-09-25T16:37:24 IST" duration-ms="2648" status="PASS">
          <reporter-output>
            <line>
              <![CDATA[====Logout of Application====]]>
            </line>
          </reporter-output>
        </test-method> <!-- logout -->
        <test-method is-config="true" signature="closeBrowser()[pri:0, instance:com.comcast.crm.opportunitytest.CreateOpportunityTest@5158b42f]" started-at="2025-09-25T16:37:24 IST" name="closeBrowser" finished-at="2025-09-25T16:37:24 IST" duration-ms="404" status="PASS">
          <reporter-output>
            <line>
              <![CDATA[====Close Browser====]]>
            </line>
          </reporter-output>
        </test-method> <!-- closeBrowser -->
        <test-method is-config="true" signature="closeDBConnection()[pri:0, instance:com.comcast.crm.opportunitytest.CreateOpportunityTest@5158b42f]" started-at="2025-09-25T16:37:24 IST" name="closeDBConnection" finished-at="2025-09-25T16:37:24 IST" duration-ms="0" status="PASS">
          <reporter-output>
            <line>
              <![CDATA[====Close DB Connection, Report Backup====]]>
            </line>
          </reporter-output>
        </test-method> <!-- closeDBConnection -->
      </class> <!-- com.comcast.crm.opportunitytest.CreateOpportunityTest -->
    </test> <!-- Default test -->
  </suite> <!-- Default suite -->
</testng-results>
